<?xml version="1.0" encoding="UTF-8"?>
<!-- Generated by org.testng.reporters.JUnitReportReporter -->
<testsuite hostname="Ravisankar" failures="0" tests="1" name="com.qa.automation.testCases.OrangeHRMLoginTest" time="8.464" errors="0" timestamp="2024-03-11T20:33:15 IST" skipped="0">
  <testcase classname="com.qa.automation.testCases.OrangeHRMLoginTest" name="loginFunctionality" time="8.464"/>
  <system-out/>
</testsuite> <!-- com.qa.automation.testCases.OrangeHRMLoginTest -->
